<?xml version="1.0" encoding="utf-8"?><testsuites name="pytest tests"><testsuite name="pytest" errors="0" failures="0" skipped="0" tests="37" time="5.931" timestamp="2026-06-07T21:24:00.425124+00:00" hostname="agent-env-1cbba4b7-2509-43bd-b0c1-479d433dac22"><testcase classname="backend.tests.test_admin_dashboard.TestAdminAuth" name="test_login_success" time="0.461" /><testcase classname="backend.tests.test_admin_dashboard.TestAdminAuth" name="test_login_wrong_password" time="0.336" /><testcase classname="backend.tests.test_admin_dashboard.TestAdminAuth" name="test_login_wrong_email" time="0.096" /><testcase classname="backend.tests.test_admin_dashboard.TestAdminAuth" name="test_me_with_bearer" time="0.495" /><testcase classname="backend.tests.test_admin_dashboard.TestAdminAuth" name="test_me_without_token" time="0.155" /><testcase classname="backend.tests.test_admin_dashboard.TestAdminAuthGuard" name="test_endpoint_requires_auth[GET-/admin/orders]" time="0.130" /><testcase classname="backend.tests.test_admin_dashboard.TestAdminAuthGuard" name="test_endpoint_requires_auth[GET-/admin/customers]" time="0.117" /><testcase classname="backend.tests.test_admin_dashboard.TestAdminAuthGuard" name="test_endpoint_requires_auth[GET-/admin/loom-credits]" time="0.109" /><testcase classname="backend.tests.test_admin_dashboard.TestAdminAuthGuard" name="test_endpoint_requires_auth[GET-/admin/loom-credits/summary]" time="0.107" /><testcase classname="backend.tests.test_admin_dashboard.TestAdminAuthGuard" name="test_endpoint_requires_auth[GET-/admin/loom-credits/orders]" time="0.138" /><testcase classname="backend.tests.test_admin_dashboard.TestAdminAuthGuard" name="test_endpoint_requires_auth[GET-/admin/dashboard/stats]" time="0.108" /><testcase classname="backend.tests.test_admin_dashboard.TestAdminAuthGuard" name="test_endpoint_requires_auth[GET-/admin/dashboard/revenue?window=week]" time="0.162" /><testcase classname="backend.tests.test_admin_dashboard.TestAdminAuthGuard" name="test_endpoint_requires_auth[GET-/admin/orders.csv]" time="0.102" /><testcase classname="backend.tests.test_admin_dashboard.TestAdminAuthGuard" name="test_endpoint_requires_auth[GET-/admin/orders/search?window=all]" time="0.115" /><testcase classname="backend.tests.test_admin_dashboard.TestDashboard" name="test_stats_shape" time="0.121" /><testcase classname="backend.tests.test_admin_dashboard.TestDashboard" name="test_revenue_series[day-24]" time="0.110" /><testcase classname="backend.tests.test_admin_dashboard.TestDashboard" name="test_revenue_series[week-7]" time="0.103" /><testcase classname="backend.tests.test_admin_dashboard.TestDashboard" name="test_revenue_series[month-30]" time="0.136" /><testcase classname="backend.tests.test_admin_dashboard.TestOrders" name="test_search_window[today]" time="0.106" /><testcase classname="backend.tests.test_admin_dashboard.TestOrders" name="test_search_window[week]" time="0.120" /><testcase classname="backend.tests.test_admin_dashboard.TestOrders" name="test_search_window[month]" time="0.162" /><testcase classname="backend.tests.test_admin_dashboard.TestOrders" name="test_search_window[all]" time="0.095" /><testcase classname="backend.tests.test_admin_dashboard.TestOrders" name="test_search_with_q_and_status" time="0.119" /><testcase classname="backend.tests.test_admin_dashboard.TestOrders" name="test_status_update_invalid" time="0.118" /><testcase classname="backend.tests.test_admin_dashboard.TestOrders" name="test_status_update_missing_order" time="0.105" /><testcase classname="backend.tests.test_admin_dashboard.TestOrders" name="test_csv_export" time="0.115" /><testcase classname="backend.tests.test_admin_dashboard.TestCustomers" name="test_list" time="0.105" /><testcase classname="backend.tests.test_admin_dashboard.TestCustomers" name="test_detail_404" time="0.113" /><testcase classname="backend.tests.test_admin_dashboard.TestLoomCredits" name="test_summary_shape" time="0.107" /><testcase classname="backend.tests.test_admin_dashboard.TestLoomCredits" name="test_per_user" time="0.116" /><testcase classname="backend.tests.test_admin_dashboard.TestLoomCredits" name="test_redeemed_orders" time="0.125" /><testcase classname="backend.tests.test_admin_dashboard.TestLoomCredits" name="test_adjust_user_not_found" time="0.105" /><testcase classname="backend.tests.test_admin_dashboard.TestLoomCredits" name="test_adjust_zero_rejected" time="0.110" /><testcase classname="backend.tests.test_admin_dashboard.TestStorefront" name="test_products_list" time="0.112" /><testcase classname="backend.tests.test_admin_dashboard.TestStorefront" name="test_payments_config_demo_mode" time="0.102" /><testcase classname="backend.tests.test_admin_dashboard.TestStorefront" name="test_create_payment_order_guest_demo" time="0.245" /><testcase classname="backend.tests.test_admin_dashboard.TestE2EOrderFlow" name="test_create_then_update_status" time="0.546" /></testsuite></testsuites>