<?xml version="1.0" encoding="utf-8"?><testsuites name="pytest tests"><testsuite name="pytest" errors="0" failures="0" skipped="0" tests="17" time="3.572" timestamp="2026-06-07T17:34:16.658869+00:00" hostname="agent-env-ab0974fe-8f8b-4e01-b701-62462099c0d8"><testcase classname="backend.tests.test_loom_credits.TestMyLoomCredits" name="test_me_default_shape" time="0.157" /><testcase classname="backend.tests.test_loom_credits.TestMyLoomCredits" name="test_me_requires_auth" time="0.109" /><testcase classname="backend.tests.test_loom_credits.TestAdminAdjust" name="test_adjust_increase" time="0.295" /><testcase classname="backend.tests.test_loom_credits.TestAdminAdjust" name="test_adjust_zero_returns_400" time="0.110" /><testcase classname="backend.tests.test_loom_credits.TestAdminAdjust" name="test_adjust_invalid_user_returns_404" time="0.132" /><testcase classname="backend.tests.test_loom_credits.TestAdminAdjust" name="test_adjust_overdeduct_returns_400" time="0.247" /><testcase classname="backend.tests.test_loom_credits.TestAdminAdjust" name="test_adjust_requires_admin" time="0.106" /><testcase classname="backend.tests.test_loom_credits.TestCreateOrderRedemption" name="test_redeem_3_applies_15_discount" time="1.109" /><testcase classname="backend.tests.test_loom_credits.TestCreateOrderRedemption" name="test_redeem_below_min_returns_400" time="0.107" /><testcase classname="backend.tests.test_loom_credits.TestCreateOrderRedemption" name="test_redeem_more_than_balance_returns_400" time="0.097" /><testcase classname="backend.tests.test_loom_credits.TestCreateOrderRedemption" name="test_redeem_without_auth_returns_400" time="0.113" /><testcase classname="backend.tests.test_loom_credits.TestCreateOrderRedemption" name="test_guest_no_redeem_works" time="0.378" /><testcase classname="backend.tests.test_loom_credits.TestAwardIdempotency" name="test_no_duplicate_earned_for_same_order" time="0.002" /><testcase classname="backend.tests.test_loom_credits.TestAdminListing" name="test_admin_list_aggregated" time="0.103" /><testcase classname="backend.tests.test_loom_credits.TestAdminListing" name="test_admin_list_forbidden_for_non_admin" time="0.112" /><testcase classname="backend.tests.test_loom_credits.TestAdminListing" name="test_summary_math" time="0.135" /><testcase classname="backend.tests.test_loom_credits.TestAdminListing" name="test_admin_orders_filter" time="0.108" /></testsuite></testsuites>