<?xml version="1.0" encoding="utf-8"?><testsuites name="pytest tests"><testsuite name="pytest" errors="0" failures="0" skipped="0" tests="24" time="3.425" timestamp="2026-06-07T15:03:05.174732+00:00" hostname="agent-env-ab0974fe-8f8b-4e01-b701-62462099c0d8"><testcase classname="backend.tests.backend_test.TestProducts" name="test_list_returns_seeded_products" time="0.166" /><testcase classname="backend.tests.backend_test.TestProducts" name="test_filter_category[outerwear]" time="0.111" /><testcase classname="backend.tests.backend_test.TestProducts" name="test_filter_category[tops]" time="0.123" /><testcase classname="backend.tests.backend_test.TestProducts" name="test_filter_category[bottoms]" time="0.110" /><testcase classname="backend.tests.backend_test.TestProducts" name="test_filter_category[accessories]" time="0.109" /><testcase classname="backend.tests.backend_test.TestProducts" name="test_filter_featured" time="0.120" /><testcase classname="backend.tests.backend_test.TestProducts" name="test_filter_new_arrival" time="0.104" /><testcase classname="backend.tests.backend_test.TestProducts" name="test_search_q" time="0.107" /><testcase classname="backend.tests.backend_test.TestProducts" name="test_get_product_by_slug" time="0.101" /><testcase classname="backend.tests.backend_test.TestProducts" name="test_get_product_invalid_slug" time="0.100" /><testcase classname="backend.tests.backend_test.TestPaymentsConfig" name="test_config_demo_mode" time="0.103" /><testcase classname="backend.tests.backend_test.TestAuth" name="test_me_unauthenticated" time="0.102" /><testcase classname="backend.tests.backend_test.TestAuth" name="test_me_with_bearer" time="0.116" /><testcase classname="backend.tests.backend_test.TestWishlist" name="test_wishlist_unauth" time="0.105" /><testcase classname="backend.tests.backend_test.TestWishlist" name="test_wishlist_add_get_remove" time="0.521" /><testcase classname="backend.tests.backend_test.TestAdminProducts" name="test_create_requires_auth" time="0.107" /><testcase classname="backend.tests.backend_test.TestAdminProducts" name="test_create_product" time="0.227" /><testcase classname="backend.tests.backend_test.TestAdminProducts" name="test_update_product" time="0.118" /><testcase classname="backend.tests.backend_test.TestAdminProducts" name="test_delete_product" time="0.110" /><testcase classname="backend.tests.backend_test.TestCheckoutDemo" name="test_create_order_demo_mode" time="0.222" /><testcase classname="backend.tests.backend_test.TestCheckoutDemo" name="test_demo_complete" time="0.101" /><testcase classname="backend.tests.backend_test.TestCheckoutDemo" name="test_list_my_orders" time="0.108" /><testcase classname="backend.tests.backend_test.TestCheckoutDemo" name="test_admin_orders" time="0.115" /><testcase classname="backend.tests.backend_test.TestCheckoutDemo" name="test_admin_orders_unauth" time="0.150" /></testsuite></testsuites>